[debug] [2021-08-28T17:43:47.242Z] ----------------------------------------------------------------------
[debug] [2021-08-28T17:43:47.245Z] Command:       C:\Program Files\nodejs\node.exe C:\Users\Pooja\AppData\Roaming\npm\node_modules\firebase-tools\lib\bin\firebase.js init
[debug] [2021-08-28T17:43:47.245Z] CLI Version:   9.16.6
[debug] [2021-08-28T17:43:47.245Z] Platform:      win32
[debug] [2021-08-28T17:43:47.245Z] Node Version:  v16.2.0
[debug] [2021-08-28T17:43:47.247Z] Time:          Sat Aug 28 2021 23:13:47 GMT+0530 (India Standard Time)
[debug] [2021-08-28T17:43:47.248Z] ----------------------------------------------------------------------
[debug] 
[debug] [2021-08-28T17:43:47.252Z] >>> [apiv2][query] GET https://firebase-public.firebaseio.com/cli.json [none]
[debug] [2021-08-28T17:43:47.278Z] > command requires scopes: ["email","openid","https://www.googleapis.com/auth/cloudplatformprojects.readonly","https://www.googleapis.com/auth/firebase","https://www.googleapis.com/auth/cloud-platform"]
[debug] [2021-08-28T17:43:47.278Z] > authorizing via signed-in user (poojaguttal123@gmail.com)
[info] 
     ######## #### ########  ######## ########     ###     ######  ########
     ##        ##  ##     ## ##       ##     ##  ##   ##  ##       ##
     ######    ##  ########  ######   ########  #########  ######  ######
     ##        ##  ##    ##  ##       ##     ## ##     ##       ## ##
     ##       #### ##     ## ######## ########  ##     ##  ######  ########

You're about to initialize a Firebase project in this directory:

  C:\xampp\htdocs\dbms project

Before we get started, keep in mind:

  * You are currently outside your home directory

[debug] [2021-08-28T17:43:48.160Z] <<< [apiv2][status] GET https://firebase-public.firebaseio.com/cli.json 200
[debug] [2021-08-28T17:43:48.160Z] <<< [apiv2][body] GET https://firebase-public.firebaseio.com/cli.json {"cloudBuildErrorAfter":1594252800000,"cloudBuildWarnAfter":1590019200000,"defaultNode10After":1594252800000,"minVersion":"3.0.5","node8DeploysDisabledAfter":1613390400000,"node8RuntimeDisabledAfter":1615809600000,"node8WarnAfter":1600128000000}
[info] 
=== Project Setup
[info] 
[info] First, let's associate this project directory with a Firebase project.
[info] You can create multiple project aliases by running firebase use --add, 
[info] but for now we'll just set up a default project.
[info] 
[debug] [2021-08-28T17:47:53.383Z] > refreshing access token with scopes: []
[debug] [2021-08-28T17:47:53.384Z] >>> HTTP REQUEST POST https://www.googleapis.com/oauth2/v3/token  
 <request body omitted>
[debug] [2021-08-28T17:47:53.647Z] <<< HTTP RESPONSE 200 {"cache-control":"no-cache, no-store, max-age=0, must-revalidate","date":"Sat, 28 Aug 2021 17:48:01 GMT","pragma":"no-cache","expires":"Mon, 01 Jan 1990 00:00:00 GMT","content-type":"application/json; charset=utf-8","vary":"X-Origin, Referer, Origin,Accept-Encoding","server":"scaffolding on HTTPServer2","x-xss-protection":"0","x-frame-options":"SAMEORIGIN","x-content-type-options":"nosniff","alt-svc":"h3=\":443\"; ma=2592000,h3-29=\":443\"; ma=2592000,h3-T051=\":443\"; ma=2592000,h3-Q050=\":443\"; ma=2592000,h3-Q046=\":443\"; ma=2592000,h3-Q043=\":443\"; ma=2592000,quic=\":443\"; ma=2592000; v=\"46,43\"","accept-ranges":"none","transfer-encoding":"chunked"}
[debug] [2021-08-28T17:47:53.689Z] >>> [apiv2][query] GET https://firebase.googleapis.com/v1beta1/projects pageSize=100
[debug] [2021-08-28T17:47:54.290Z] <<< [apiv2][status] GET https://firebase.googleapis.com/v1beta1/projects 200
[debug] [2021-08-28T17:47:54.290Z] <<< [apiv2][body] GET https://firebase.googleapis.com/v1beta1/projects [omitted]
[info] i  Using project railway-6f45e (railway) 
[info] 
=== Hosting:github Setup
[info] 
[info] i  Didn't detect a .git folder. Assuming C:\xampp\htdocs\dbms project is the project root. 
[info] i  Authorizing with GitHub to upload your service account to a GitHub repository's secrets store. 
[info] 
[info] Visit this URL on this device to log in:
[info] https://github.com/login/oauth/authorize?client_id=89cf50f02ac6aaed3484&state=518789225&redirect_uri=http%3A%2F%2Flocalhost%3A9005&scope=read%3Auser%20repo%20public_repo
[info] 
[info] Waiting for authentication...
[debug] [2021-08-28T17:50:43.728Z] >>> HTTP REQUEST POST https://github.com/login/oauth/access_token  
 {"client_id":"89cf50f02ac6aaed3484","client_secret":"3330d14abc895d9a74d5f17cd7a00711fa2c5bf0","code":"c744dd893c98ef4ad1be","redirect_uri":"http://localhost:9005","state":"518789225"}
[debug] [2021-08-28T17:50:44.095Z] <<< HTTP RESPONSE 200 {"server":"GitHub.com","date":"Sat, 28 Aug 2021 17:50:51 GMT","content-type":"application/json; charset=utf-8","transfer-encoding":"chunked","vary":"X-PJAX, X-PJAX-Container, Accept-Encoding, Accept, X-Requested-With","permissions-policy":"interest-cohort=()","etag":"W/\"729417ee19a58e57567d5221837a923d\"","cache-control":"max-age=0, private, must-revalidate","strict-transport-security":"max-age=31536000; includeSubdomains; preload","x-frame-options":"deny","x-content-type-options":"nosniff","x-xss-protection":"0","referrer-policy":"origin-when-cross-origin, strict-origin-when-cross-origin","expect-ct":"max-age=2592000, report-uri=\"https://api.github.com/_private/browser/errors\"","content-security-policy":"default-src 'none'; base-uri 'self'; block-all-mixed-content; connect-src 'self' uploads.github.com www.githubstatus.com collector.githubapp.com api.github.com github-cloud.s3.amazonaws.com github-production-repository-file-5c1aeb.s3.amazonaws.com github-production-upload-manifest-file-7fdce7.s3.amazonaws.com github-production-user-asset-6210df.s3.amazonaws.com cdn.optimizely.com logx.optimizely.com/v1/events translator.github.com wss://alive.github.com; font-src github.githubassets.com; form-action 'self' github.com gist.github.com; frame-ancestors 'none'; frame-src render.githubusercontent.com viewscreen.githubusercontent.com; img-src 'self' data: github.githubassets.com identicons.github.com collector.githubapp.com github-cloud.s3.amazonaws.com secured-user-images.githubusercontent.com/ *.githubusercontent.com; manifest-src 'self'; media-src 'none'; script-src github.githubassets.com; style-src 'unsafe-inline' github.githubassets.com; worker-src github.com/socket-worker-b05e50fc.js gist.github.com/socket-worker-b05e50fc.js","x-github-request-id":"DF7B:0C7A:A76934:CA9A78:612A777B"}
[debug] [2021-08-28T17:50:44.136Z] >>> [apiv2][query] GET https://api.github.com/user [none]
[debug] [2021-08-28T17:50:44.542Z] <<< [apiv2][status] GET https://api.github.com/user 200
[debug] [2021-08-28T17:50:44.542Z] <<< [apiv2][body] GET https://api.github.com/user {"login":"chocolatechips-cell","id":67320167,"node_id":"MDQ6VXNlcjY3MzIwMTY3","avatar_url":"https://avatars.githubusercontent.com/u/67320167?v=4","gravatar_id":"","url":"https://api.github.com/users/chocolatechips-cell","html_url":"https://github.com/chocolatechips-cell","followers_url":"https://api.github.com/users/chocolatechips-cell/followers","following_url":"https://api.github.com/users/chocolatechips-cell/following{/other_user}","gists_url":"https://api.github.com/users/chocolatechips-cell/gists{/gist_id}","starred_url":"https://api.github.com/users/chocolatechips-cell/starred{/owner}{/repo}","subscriptions_url":"https://api.github.com/users/chocolatechips-cell/subscriptions","organizations_url":"https://api.github.com/users/chocolatechips-cell/orgs","repos_url":"https://api.github.com/users/chocolatechips-cell/repos","events_url":"https://api.github.com/users/chocolatechips-cell/events{/privacy}","received_events_url":"https://api.github.com/users/chocolatechips-cell/received_events","type":"User","site_admin":false,"name":null,"company":null,"blog":"","location":null,"email":null,"hireable":null,"bio":null,"twitter_username":null,"public_repos":41,"public_gists":0,"followers":1,"following":1,"created_at":"2020-06-23T11:06:47Z","updated_at":"2021-08-05T05:35:58Z","private_gists":0,"total_private_repos":0,"owned_private_repos":0,"disk_usage":45790,"collaborators":0,"two_factor_authentication":false,"plan":{"name":"free","space":976562499,"collaborators":0,"private_repos":10000}}
[info] 
[info] +  Success! Logged into GitHub as chocolatechips-cell 
[info] 
[debug] [2021-08-28T17:52:46.653Z] >>> [apiv2][query] GET https://api.github.com/repos/chocolatechips/repository/actions/secrets/public-key type=owner
[debug] [2021-08-28T17:52:47.050Z] <<< [apiv2][status] GET https://api.github.com/repos/chocolatechips/repository/actions/secrets/public-key 404
[debug] [2021-08-28T17:52:47.051Z] <<< [apiv2][body] GET https://api.github.com/repos/chocolatechips/repository/actions/secrets/public-key {"message":"Not Found","documentation_url":"https://docs.github.com/rest/reference/actions#get-a-repository-public-key"}
[debug] [2021-08-28T17:53:21.841Z] >>> [apiv2][query] GET https://api.github.com/repos/chocolatechips-cell/repository/actions/secrets/public-key type=owner
[debug] [2021-08-28T17:53:22.259Z] <<< [apiv2][status] GET https://api.github.com/repos/chocolatechips-cell/repository/actions/secrets/public-key 404
[debug] [2021-08-28T17:53:22.259Z] <<< [apiv2][body] GET https://api.github.com/repos/chocolatechips-cell/repository/actions/secrets/public-key {"message":"Not Found","documentation_url":"https://docs.github.com/rest/reference/actions#get-a-repository-public-key"}
[debug] [2021-08-28T17:55:36.448Z] >>> [apiv2][query] GET https://api.github.com/repos/rails/repository/actions/secrets/public-key type=owner
[debug] [2021-08-28T17:55:36.917Z] <<< [apiv2][status] GET https://api.github.com/repos/rails/repository/actions/secrets/public-key 404
[debug] [2021-08-28T17:55:36.917Z] <<< [apiv2][body] GET https://api.github.com/repos/rails/repository/actions/secrets/public-key {"message":"Not Found","documentation_url":"https://docs.github.com/rest/reference/actions#get-a-repository-public-key"}
[debug] [2021-08-28T17:55:39.493Z] >>> [apiv2][query] GET https://api.github.com/repos//actions/secrets/public-key type=owner
[debug] [2021-08-28T17:55:39.875Z] <<< [apiv2][status] GET https://api.github.com/repos//actions/secrets/public-key 404
[debug] [2021-08-28T17:55:39.875Z] <<< [apiv2][body] GET https://api.github.com/repos//actions/secrets/public-key {"message":"Not Found","documentation_url":"https://docs.github.com/rest"}
[debug] [2021-08-28T17:55:40.558Z] >>> [apiv2][query] GET https://api.github.com/repos//actions/secrets/public-key type=owner
[debug] [2021-08-28T17:55:40.934Z] <<< [apiv2][status] GET https://api.github.com/repos//actions/secrets/public-key 404
[debug] [2021-08-28T17:55:40.934Z] <<< [apiv2][body] GET https://api.github.com/repos//actions/secrets/public-key {"message":"Not Found","documentation_url":"https://docs.github.com/rest"}
[debug] [2021-08-28T17:55:41.441Z] >>> [apiv2][query] GET https://api.github.com/repos//actions/secrets/public-key type=owner
[debug] [2021-08-28T17:55:41.725Z] >>> [apiv2][query] GET https://api.github.com/repos//actions/secrets/public-key type=owner
[debug] [2021-08-28T17:55:41.832Z] <<< [apiv2][status] GET https://api.github.com/repos//actions/secrets/public-key 404
[debug] [2021-08-28T17:55:41.832Z] <<< [apiv2][body] GET https://api.github.com/repos//actions/secrets/public-key {"message":"Not Found","documentation_url":"https://docs.github.com/rest"}
[debug] [2021-08-28T17:55:42.084Z] <<< [apiv2][status] GET https://api.github.com/repos//actions/secrets/public-key 404
[debug] [2021-08-28T17:55:42.084Z] <<< [apiv2][body] GET https://api.github.com/repos//actions/secrets/public-key {"message":"Not Found","documentation_url":"https://docs.github.com/rest"}
